<?xml version="1.0" encoding="UTF-8"?>
<!-- Generated by org.testng.reporters.JUnitReportReporter -->
<testsuite hostname="LAPTOP-8N3215D7" failures="0" tests="1" name="testrunnerrework.TestRunnerReworkClass" time="10.826" errors="0" timestamp="2023-03-31T20:25:57 IST" skipped="0">
  <testcase classname="testrunnerrework.TestRunnerReworkClass" name="runScenario" time="10.826"/>
  <system-out/>
</testsuite> <!-- testrunnerrework.TestRunnerReworkClass -->
